{"C:\\Users\\Coronel\\Documents\\Programing\\Blog-App\\blog-app\\src\\components\\LogIn\\index.jsx": {"path":"C:\\Users\\Coronel\\Documents\\Programing\\Blog-App\\blog-app\\src\\components\\LogIn\\index.jsx","statementMap":{"0":{"start":{"line":16,"column":19},"end":{"line":16,"column":32}},"1":{"start":{"line":18,"column":28},"end":{"line":18,"column":40}},"2":{"start":{"line":19,"column":34},"end":{"line":19,"column":46}},"3":{"start":{"line":21,"column":23},"end":{"line":46,"column":3}},"4":{"start":{"line":22,"column":4},"end":{"line":22,"column":23}},"5":{"start":{"line":24,"column":17},"end":{"line":27,"column":5}},"6":{"start":{"line":29,"column":19},"end":{"line":35,"column":5}},"7":{"start":{"line":37,"column":4},"end":{"line":45,"column":42}},"8":{"start":{"line":39,"column":8},"end":{"line":39,"column":50}},"9":{"start":{"line":39,"column":32},"end":{"line":39,"column":50}},"10":{"start":{"line":42,"column":8},"end":{"line":42,"column":63}},"11":{"start":{"line":43,"column":8},"end":{"line":43,"column":26}},"12":{"start":{"line":45,"column":22},"end":{"line":45,"column":40}},"13":{"start":{"line":48,"column":2},"end":{"line":78,"column":4}},"14":{"start":{"line":57,"column":14},"end":{"line":57,"column":39}},"15":{"start":{"line":65,"column":14},"end":{"line":65,"column":42}},"16":{"start":{"line":71,"column":31},"end":{"line":71,"column":51}}},"fnMap":{"0":{"name":"LogIn","decl":{"start":{"line":15,"column":24},"end":{"line":15,"column":29}},"loc":{"start":{"line":15,"column":32},"end":{"line":79,"column":1}},"line":15},"1":{"name":"(anonymous_1)","decl":{"start":{"line":21,"column":23},"end":{"line":21,"column":24}},"loc":{"start":{"line":21,"column":30},"end":{"line":46,"column":3}},"line":21},"2":{"name":"(anonymous_2)","decl":{"start":{"line":38,"column":12},"end":{"line":38,"column":13}},"loc":{"start":{"line":38,"column":21},"end":{"line":40,"column":7}},"line":38},"3":{"name":"(anonymous_3)","decl":{"start":{"line":41,"column":12},"end":{"line":41,"column":13}},"loc":{"start":{"line":41,"column":21},"end":{"line":44,"column":7}},"line":41},"4":{"name":"(anonymous_4)","decl":{"start":{"line":45,"column":13},"end":{"line":45,"column":14}},"loc":{"start":{"line":45,"column":22},"end":{"line":45,"column":40}},"line":45},"5":{"name":"(anonymous_5)","decl":{"start":{"line":56,"column":22},"end":{"line":56,"column":23}},"loc":{"start":{"line":56,"column":29},"end":{"line":58,"column":13}},"line":56},"6":{"name":"(anonymous_6)","decl":{"start":{"line":64,"column":22},"end":{"line":64,"column":23}},"loc":{"start":{"line":64,"column":29},"end":{"line":66,"column":13}},"line":64},"7":{"name":"(anonymous_7)","decl":{"start":{"line":71,"column":25},"end":{"line":71,"column":26}},"loc":{"start":{"line":71,"column":31},"end":{"line":71,"column":51}},"line":71}},"branchMap":{"0":{"loc":{"start":{"line":39,"column":8},"end":{"line":39,"column":50}},"type":"if","locations":[{"start":{"line":39,"column":8},"end":{"line":39,"column":50}},{"start":{},"end":{}}],"line":39}},"s":{"0":12,"1":12,"2":12,"3":12,"4":2,"5":2,"6":2,"7":2,"8":1,"9":1,"10":1,"11":1,"12":1,"13":12,"14":3,"15":3,"16":1},"f":{"0":12,"1":2,"2":1,"3":1,"4":1,"5":3,"6":3,"7":1},"b":{"0":[1,0]},"_coverageSchema":"1a1c01bbd47fc00a2c39e90264f33305004495a9","hash":"1f05db4f933dfcbf22f3d5e5de62c46056ed228d"}
,"C:\\Users\\Coronel\\Documents\\Programing\\Blog-App\\blog-app\\src\\styles\\LogIn\\index.jsx": {"path":"C:\\Users\\Coronel\\Documents\\Programing\\Blog-App\\blog-app\\src\\styles\\LogIn\\index.jsx","statementMap":{"0":{"start":{"line":3,"column":25},"end":{"line":6,"column":1}},"1":{"start":{"line":8,"column":26},"end":{"line":11,"column":1}},"2":{"start":{"line":13,"column":27},"end":{"line":19,"column":1}},"3":{"start":{"line":21,"column":20},"end":{"line":29,"column":1}},"4":{"start":{"line":31,"column":21},"end":{"line":38,"column":1}},"5":{"start":{"line":40,"column":22},"end":{"line":49,"column":1}},"6":{"start":{"line":51,"column":30},"end":{"line":61,"column":1}},"7":{"start":{"line":63,"column":28},"end":{"line":68,"column":1}}},"fnMap":{},"branchMap":{},"s":{"0":1,"1":1,"2":1,"3":1,"4":1,"5":1,"6":1,"7":1},"f":{},"b":{},"_coverageSchema":"1a1c01bbd47fc00a2c39e90264f33305004495a9","hash":"40b880d33ced94127159d65cfaa6af465908c034"}
}
