{"C:\\Users\\Coronel\\Documents\\Programing\\Blog-App\\blog-app\\src\\App.jsx": {"path":"C:\\Users\\Coronel\\Documents\\Programing\\Blog-App\\blog-app\\src\\App.jsx","statementMap":{"0":{"start":{"line":17,"column":26},"end":{"line":20,"column":3}},"1":{"start":{"line":18,"column":16},"end":{"line":18,"column":45}},"2":{"start":{"line":19,"column":4},"end":{"line":19,"column":17}},"3":{"start":{"line":22,"column":25},"end":{"line":26,"column":3}},"4":{"start":{"line":23,"column":4},"end":{"line":23,"column":43}},"5":{"start":{"line":23,"column":27},"end":{"line":23,"column":43}},"6":{"start":{"line":25,"column":4},"end":{"line":25,"column":39}},"7":{"start":{"line":28,"column":2},"end":{"line":47,"column":4}}},"fnMap":{"0":{"name":"App","decl":{"start":{"line":16,"column":9},"end":{"line":16,"column":12}},"loc":{"start":{"line":16,"column":15},"end":{"line":48,"column":1}},"line":16},"1":{"name":"(anonymous_1)","decl":{"start":{"line":17,"column":26},"end":{"line":17,"column":27}},"loc":{"start":{"line":17,"column":32},"end":{"line":20,"column":3}},"line":17},"2":{"name":"(anonymous_2)","decl":{"start":{"line":22,"column":25},"end":{"line":22,"column":26}},"loc":{"start":{"line":22,"column":43},"end":{"line":26,"column":3}},"line":22}},"branchMap":{"0":{"loc":{"start":{"line":23,"column":4},"end":{"line":23,"column":43}},"type":"if","locations":[{"start":{"line":23,"column":4},"end":{"line":23,"column":43}},{"start":{},"end":{}}],"line":23}},"s":{"0":0,"1":0,"2":0,"3":0,"4":0,"5":0,"6":0,"7":0},"f":{"0":0,"1":0,"2":0},"b":{"0":[0,0]}}
,"C:\\Users\\Coronel\\Documents\\Programing\\Blog-App\\blog-app\\src\\components\\Header\\index.jsx": {"path":"C:\\Users\\Coronel\\Documents\\Programing\\Blog-App\\blog-app\\src\\components\\Header\\index.jsx","statementMap":{"0":{"start":{"line":15,"column":19},"end":{"line":15,"column":32}},"1":{"start":{"line":17,"column":34},"end":{"line":17,"column":49}},"2":{"start":{"line":18,"column":26},"end":{"line":18,"column":38}},"3":{"start":{"line":20,"column":2},"end":{"line":38,"column":9}},"4":{"start":{"line":21,"column":16},"end":{"line":21,"column":57}},"5":{"start":{"line":23,"column":19},"end":{"line":29,"column":5}},"6":{"start":{"line":31,"column":4},"end":{"line":37,"column":42}},"7":{"start":{"line":32,"column":21},"end":{"line":32,"column":31}},"8":{"start":{"line":34,"column":8},"end":{"line":34,"column":25}},"9":{"start":{"line":35,"column":8},"end":{"line":35,"column":21}},"10":{"start":{"line":37,"column":22},"end":{"line":37,"column":40}},"11":{"start":{"line":40,"column":23},"end":{"line":45,"column":3}},"12":{"start":{"line":41,"column":4},"end":{"line":44,"column":5}},"13":{"start":{"line":42,"column":26},"end":{"line":42,"column":47}},"14":{"start":{"line":43,"column":6},"end":{"line":43,"column":41}},"15":{"start":{"line":47,"column":2},"end":{"line":60,"column":4}},"16":{"start":{"line":50,"column":30},"end":{"line":50,"column":47}},"17":{"start":{"line":55,"column":25},"end":{"line":55,"column":47}}},"fnMap":{"0":{"name":"Header","decl":{"start":{"line":14,"column":24},"end":{"line":14,"column":30}},"loc":{"start":{"line":14,"column":33},"end":{"line":61,"column":1}},"line":14},"1":{"name":"(anonymous_1)","decl":{"start":{"line":20,"column":12},"end":{"line":20,"column":13}},"loc":{"start":{"line":20,"column":18},"end":{"line":38,"column":3}},"line":20},"2":{"name":"(anonymous_2)","decl":{"start":{"line":32,"column":12},"end":{"line":32,"column":13}},"loc":{"start":{"line":32,"column":21},"end":{"line":32,"column":31}},"line":32},"3":{"name":"(anonymous_3)","decl":{"start":{"line":33,"column":12},"end":{"line":33,"column":13}},"loc":{"start":{"line":33,"column":21},"end":{"line":36,"column":7}},"line":33},"4":{"name":"(anonymous_4)","decl":{"start":{"line":37,"column":13},"end":{"line":37,"column":14}},"loc":{"start":{"line":37,"column":22},"end":{"line":37,"column":40}},"line":37},"5":{"name":"(anonymous_5)","decl":{"start":{"line":40,"column":23},"end":{"line":40,"column":24}},"loc":{"start":{"line":40,"column":30},"end":{"line":45,"column":3}},"line":40},"6":{"name":"(anonymous_6)","decl":{"start":{"line":50,"column":24},"end":{"line":50,"column":25}},"loc":{"start":{"line":50,"column":30},"end":{"line":50,"column":47}},"line":50},"7":{"name":"(anonymous_7)","decl":{"start":{"line":55,"column":19},"end":{"line":55,"column":20}},"loc":{"start":{"line":55,"column":25},"end":{"line":55,"column":47}},"line":55}},"branchMap":{"0":{"loc":{"start":{"line":41,"column":4},"end":{"line":44,"column":5}},"type":"if","locations":[{"start":{"line":41,"column":4},"end":{"line":44,"column":5}},{"start":{},"end":{}}],"line":41},"1":{"loc":{"start":{"line":41,"column":8},"end":{"line":41,"column":56}},"type":"binary-expr","locations":[{"start":{"line":41,"column":8},"end":{"line":41,"column":24}},{"start":{"line":41,"column":28},"end":{"line":41,"column":56}}],"line":41},"2":{"loc":{"start":{"line":54,"column":15},"end":{"line":54,"column":56}},"type":"cond-expr","locations":[{"start":{"line":54,"column":26},"end":{"line":54,"column":34}},{"start":{"line":54,"column":37},"end":{"line":54,"column":56}}],"line":54},"3":{"loc":{"start":{"line":58,"column":7},"end":{"line":58,"column":44}},"type":"binary-expr","locations":[{"start":{"line":58,"column":7},"end":{"line":58,"column":15}},{"start":{"line":58,"column":19},"end":{"line":58,"column":44}}],"line":58}},"s":{"0":8,"1":8,"2":7,"3":7,"4":5,"5":5,"6":5,"7":4,"8":4,"9":4,"10":1,"11":7,"12":1,"13":1,"14":1,"15":7,"16":1,"17":1},"f":{"0":8,"1":5,"2":4,"3":4,"4":1,"5":1,"6":1,"7":1},"b":{"0":[1,0],"1":[1,1],"2":[0,7],"3":[7,2]},"_coverageSchema":"1a1c01bbd47fc00a2c39e90264f33305004495a9","hash":"65efeb0dc841bf9247fa93bda87267ed832b4cf4"}
,"C:\\Users\\Coronel\\Documents\\Programing\\Blog-App\\blog-app\\src\\components\\LogIn\\index.jsx": {"path":"C:\\Users\\Coronel\\Documents\\Programing\\Blog-App\\blog-app\\src\\components\\LogIn\\index.jsx","statementMap":{"0":{"start":{"line":16,"column":19},"end":{"line":16,"column":32}},"1":{"start":{"line":18,"column":28},"end":{"line":18,"column":40}},"2":{"start":{"line":19,"column":34},"end":{"line":19,"column":46}},"3":{"start":{"line":21,"column":23},"end":{"line":46,"column":3}},"4":{"start":{"line":22,"column":4},"end":{"line":22,"column":23}},"5":{"start":{"line":24,"column":17},"end":{"line":27,"column":5}},"6":{"start":{"line":29,"column":19},"end":{"line":35,"column":5}},"7":{"start":{"line":37,"column":4},"end":{"line":45,"column":42}},"8":{"start":{"line":39,"column":8},"end":{"line":39,"column":50}},"9":{"start":{"line":39,"column":32},"end":{"line":39,"column":50}},"10":{"start":{"line":42,"column":8},"end":{"line":42,"column":63}},"11":{"start":{"line":43,"column":8},"end":{"line":43,"column":26}},"12":{"start":{"line":45,"column":22},"end":{"line":45,"column":40}},"13":{"start":{"line":48,"column":2},"end":{"line":76,"column":4}},"14":{"start":{"line":57,"column":14},"end":{"line":57,"column":39}},"15":{"start":{"line":64,"column":14},"end":{"line":64,"column":42}},"16":{"start":{"line":69,"column":31},"end":{"line":69,"column":51}}},"fnMap":{"0":{"name":"LogIn","decl":{"start":{"line":15,"column":24},"end":{"line":15,"column":29}},"loc":{"start":{"line":15,"column":32},"end":{"line":77,"column":1}},"line":15},"1":{"name":"(anonymous_1)","decl":{"start":{"line":21,"column":23},"end":{"line":21,"column":24}},"loc":{"start":{"line":21,"column":30},"end":{"line":46,"column":3}},"line":21},"2":{"name":"(anonymous_2)","decl":{"start":{"line":38,"column":12},"end":{"line":38,"column":13}},"loc":{"start":{"line":38,"column":21},"end":{"line":40,"column":7}},"line":38},"3":{"name":"(anonymous_3)","decl":{"start":{"line":41,"column":12},"end":{"line":41,"column":13}},"loc":{"start":{"line":41,"column":21},"end":{"line":44,"column":7}},"line":41},"4":{"name":"(anonymous_4)","decl":{"start":{"line":45,"column":13},"end":{"line":45,"column":14}},"loc":{"start":{"line":45,"column":22},"end":{"line":45,"column":40}},"line":45},"5":{"name":"(anonymous_5)","decl":{"start":{"line":56,"column":22},"end":{"line":56,"column":23}},"loc":{"start":{"line":56,"column":29},"end":{"line":58,"column":13}},"line":56},"6":{"name":"(anonymous_6)","decl":{"start":{"line":63,"column":22},"end":{"line":63,"column":23}},"loc":{"start":{"line":63,"column":29},"end":{"line":65,"column":13}},"line":63},"7":{"name":"(anonymous_7)","decl":{"start":{"line":69,"column":25},"end":{"line":69,"column":26}},"loc":{"start":{"line":69,"column":31},"end":{"line":69,"column":51}},"line":69}},"branchMap":{"0":{"loc":{"start":{"line":39,"column":8},"end":{"line":39,"column":50}},"type":"if","locations":[{"start":{"line":39,"column":8},"end":{"line":39,"column":50}},{"start":{},"end":{}}],"line":39}},"s":{"0":12,"1":12,"2":12,"3":12,"4":2,"5":2,"6":2,"7":2,"8":1,"9":1,"10":1,"11":1,"12":1,"13":12,"14":3,"15":3,"16":1},"f":{"0":12,"1":2,"2":1,"3":1,"4":1,"5":3,"6":3,"7":1},"b":{"0":[1,0]},"_coverageSchema":"1a1c01bbd47fc00a2c39e90264f33305004495a9","hash":"058cd029b19b393db980f3b65fcc244f2163c99e"}
,"C:\\Users\\Coronel\\Documents\\Programing\\Blog-App\\blog-app\\src\\components\\Main\\index.jsx": {"path":"C:\\Users\\Coronel\\Documents\\Programing\\Blog-App\\blog-app\\src\\components\\Main\\index.jsx","statementMap":{"0":{"start":{"line":9,"column":28},"end":{"line":9,"column":43}},"1":{"start":{"line":10,"column":28},"end":{"line":10,"column":40}},"2":{"start":{"line":12,"column":2},"end":{"line":29,"column":9}},"3":{"start":{"line":13,"column":16},"end":{"line":13,"column":57}},"4":{"start":{"line":15,"column":19},"end":{"line":20,"column":5}},"5":{"start":{"line":22,"column":4},"end":{"line":28,"column":42}},"6":{"start":{"line":23,"column":21},"end":{"line":23,"column":31}},"7":{"start":{"line":25,"column":8},"end":{"line":25,"column":33}},"8":{"start":{"line":26,"column":8},"end":{"line":26,"column":25}},"9":{"start":{"line":28,"column":22},"end":{"line":28,"column":40}},"10":{"start":{"line":31,"column":22},"end":{"line":33,"column":3}},"11":{"start":{"line":32,"column":4},"end":{"line":32,"column":20}},"12":{"start":{"line":35,"column":22},"end":{"line":39,"column":3}},"13":{"start":{"line":36,"column":25},"end":{"line":36,"column":35}},"14":{"start":{"line":37,"column":4},"end":{"line":37,"column":34}},"15":{"start":{"line":38,"column":4},"end":{"line":38,"column":27}},"16":{"start":{"line":41,"column":2},"end":{"line":55,"column":4}},"17":{"start":{"line":47,"column":25},"end":{"line":47,"column":42}}},"fnMap":{"0":{"name":"MainPage","decl":{"start":{"line":8,"column":24},"end":{"line":8,"column":32}},"loc":{"start":{"line":8,"column":35},"end":{"line":56,"column":1}},"line":8},"1":{"name":"(anonymous_1)","decl":{"start":{"line":12,"column":12},"end":{"line":12,"column":13}},"loc":{"start":{"line":12,"column":18},"end":{"line":29,"column":3}},"line":12},"2":{"name":"(anonymous_2)","decl":{"start":{"line":23,"column":12},"end":{"line":23,"column":13}},"loc":{"start":{"line":23,"column":21},"end":{"line":23,"column":31}},"line":23},"3":{"name":"(anonymous_3)","decl":{"start":{"line":24,"column":12},"end":{"line":24,"column":13}},"loc":{"start":{"line":24,"column":21},"end":{"line":27,"column":7}},"line":24},"4":{"name":"(anonymous_4)","decl":{"start":{"line":28,"column":13},"end":{"line":28,"column":14}},"loc":{"start":{"line":28,"column":22},"end":{"line":28,"column":40}},"line":28},"5":{"name":"(anonymous_5)","decl":{"start":{"line":31,"column":22},"end":{"line":31,"column":23}},"loc":{"start":{"line":31,"column":33},"end":{"line":33,"column":3}},"line":31},"6":{"name":"(anonymous_6)","decl":{"start":{"line":35,"column":22},"end":{"line":35,"column":23}},"loc":{"start":{"line":35,"column":35},"end":{"line":39,"column":3}},"line":35},"7":{"name":"(anonymous_7)","decl":{"start":{"line":47,"column":19},"end":{"line":47,"column":20}},"loc":{"start":{"line":47,"column":25},"end":{"line":47,"column":42}},"line":47}},"branchMap":{"0":{"loc":{"start":{"line":51,"column":7},"end":{"line":53,"column":7}},"type":"binary-expr","locations":[{"start":{"line":51,"column":7},"end":{"line":51,"column":12}},{"start":{"line":52,"column":8},"end":{"line":52,"column":72}}],"line":51}},"s":{"0":0,"1":0,"2":0,"3":0,"4":0,"5":0,"6":0,"7":0,"8":0,"9":0,"10":0,"11":0,"12":0,"13":0,"14":0,"15":0,"16":0,"17":0},"f":{"0":0,"1":0,"2":0,"3":0,"4":0,"5":0,"6":0,"7":0},"b":{"0":[0,0]}}
,"C:\\Users\\Coronel\\Documents\\Programing\\Blog-App\\blog-app\\src\\components\\Menu\\index.jsx": {"path":"C:\\Users\\Coronel\\Documents\\Programing\\Blog-App\\blog-app\\src\\components\\Menu\\index.jsx","statementMap":{"0":{"start":{"line":5,"column":19},"end":{"line":5,"column":32}},"1":{"start":{"line":7,"column":23},"end":{"line":10,"column":3}},"2":{"start":{"line":8,"column":4},"end":{"line":8,"column":37}},"3":{"start":{"line":9,"column":4},"end":{"line":9,"column":18}},"4":{"start":{"line":12,"column":2},"end":{"line":20,"column":4}},"5":{"start":{"line":14,"column":33},"end":{"line":14,"column":63}},"6":{"start":{"line":17,"column":33},"end":{"line":17,"column":54}}},"fnMap":{"0":{"name":"Menu","decl":{"start":{"line":4,"column":24},"end":{"line":4,"column":28}},"loc":{"start":{"line":4,"column":41},"end":{"line":21,"column":1}},"line":4},"1":{"name":"(anonymous_1)","decl":{"start":{"line":7,"column":23},"end":{"line":7,"column":24}},"loc":{"start":{"line":7,"column":29},"end":{"line":10,"column":3}},"line":7},"2":{"name":"(anonymous_2)","decl":{"start":{"line":14,"column":27},"end":{"line":14,"column":28}},"loc":{"start":{"line":14,"column":33},"end":{"line":14,"column":63}},"line":14},"3":{"name":"(anonymous_3)","decl":{"start":{"line":17,"column":27},"end":{"line":17,"column":28}},"loc":{"start":{"line":17,"column":33},"end":{"line":17,"column":54}},"line":17}},"branchMap":{},"s":{"0":9,"1":9,"2":1,"3":1,"4":9,"5":1,"6":1},"f":{"0":9,"1":1,"2":1,"3":1},"b":{},"_coverageSchema":"1a1c01bbd47fc00a2c39e90264f33305004495a9","hash":"39d9a6829da728d98add87331192ba3a39714e2a"}
,"C:\\Users\\Coronel\\Documents\\Programing\\Blog-App\\blog-app\\src\\components\\Post\\index.jsx": {"path":"C:\\Users\\Coronel\\Documents\\Programing\\Blog-App\\blog-app\\src\\components\\Post\\index.jsx","statementMap":{"0":{"start":{"line":22,"column":30},"end":{"line":22,"column":42}},"1":{"start":{"line":23,"column":28},"end":{"line":23,"column":40}},"2":{"start":{"line":24,"column":36},"end":{"line":24,"column":50}},"3":{"start":{"line":26,"column":2},"end":{"line":43,"column":17}},"4":{"start":{"line":27,"column":35},"end":{"line":30,"column":7}},"5":{"start":{"line":27,"column":59},"end":{"line":30,"column":5}},"6":{"start":{"line":31,"column":4},"end":{"line":31,"column":37}},"7":{"start":{"line":33,"column":22},"end":{"line":33,"column":69}},"8":{"start":{"line":34,"column":4},"end":{"line":34,"column":25}},"9":{"start":{"line":36,"column":4},"end":{"line":38,"column":7}},"10":{"start":{"line":37,"column":6},"end":{"line":37,"column":32}},"11":{"start":{"line":40,"column":4},"end":{"line":42,"column":7}},"12":{"start":{"line":41,"column":6},"end":{"line":41,"column":60}},"13":{"start":{"line":45,"column":21},"end":{"line":51,"column":3}},"14":{"start":{"line":46,"column":16},"end":{"line":46,"column":57}},"15":{"start":{"line":47,"column":17},"end":{"line":47,"column":33}},"16":{"start":{"line":48,"column":4},"end":{"line":48,"column":30}},"17":{"start":{"line":49,"column":4},"end":{"line":49,"column":24}},"18":{"start":{"line":50,"column":4},"end":{"line":50,"column":29}},"19":{"start":{"line":53,"column":24},"end":{"line":58,"column":3}},"20":{"start":{"line":54,"column":16},"end":{"line":54,"column":57}},"21":{"start":{"line":55,"column":17},"end":{"line":55,"column":42}},"22":{"start":{"line":56,"column":4},"end":{"line":56,"column":33}},"23":{"start":{"line":57,"column":4},"end":{"line":57,"column":54}},"24":{"start":{"line":60,"column":21},"end":{"line":71,"column":3}},"25":{"start":{"line":61,"column":4},"end":{"line":70,"column":6}},"26":{"start":{"line":62,"column":6},"end":{"line":69,"column":7}},"27":{"start":{"line":63,"column":8},"end":{"line":68,"column":16}},"28":{"start":{"line":73,"column":25},"end":{"line":84,"column":3}},"29":{"start":{"line":74,"column":4},"end":{"line":83,"column":6}},"30":{"start":{"line":75,"column":6},"end":{"line":82,"column":7}},"31":{"start":{"line":76,"column":8},"end":{"line":81,"column":16}},"32":{"start":{"line":86,"column":2},"end":{"line":123,"column":4}},"33":{"start":{"line":89,"column":8},"end":{"line":120,"column":10}},"34":{"start":{"line":95,"column":48},"end":{"line":95,"column":67}},"35":{"start":{"line":102,"column":16},"end":{"line":107,"column":18}},"36":{"start":{"line":113,"column":16},"end":{"line":116,"column":17}},"37":{"start":{"line":114,"column":18},"end":{"line":114,"column":57}},"38":{"start":{"line":115,"column":18},"end":{"line":115,"column":38}}},"fnMap":{"0":{"name":"Posts","decl":{"start":{"line":21,"column":24},"end":{"line":21,"column":29}},"loc":{"start":{"line":21,"column":44},"end":{"line":124,"column":1}},"line":21},"1":{"name":"(anonymous_1)","decl":{"start":{"line":26,"column":12},"end":{"line":26,"column":13}},"loc":{"start":{"line":26,"column":18},"end":{"line":43,"column":3}},"line":26},"2":{"name":"(anonymous_2)","decl":{"start":{"line":27,"column":48},"end":{"line":27,"column":49}},"loc":{"start":{"line":27,"column":59},"end":{"line":30,"column":5}},"line":27},"3":{"name":"(anonymous_3)","decl":{"start":{"line":36,"column":31},"end":{"line":36,"column":32}},"loc":{"start":{"line":36,"column":49},"end":{"line":38,"column":5}},"line":36},"4":{"name":"(anonymous_4)","decl":{"start":{"line":40,"column":31},"end":{"line":40,"column":32}},"loc":{"start":{"line":40,"column":47},"end":{"line":42,"column":5}},"line":40},"5":{"name":"(anonymous_5)","decl":{"start":{"line":45,"column":21},"end":{"line":45,"column":22}},"loc":{"start":{"line":45,"column":34},"end":{"line":51,"column":3}},"line":45},"6":{"name":"(anonymous_6)","decl":{"start":{"line":53,"column":24},"end":{"line":53,"column":25}},"loc":{"start":{"line":53,"column":46},"end":{"line":58,"column":3}},"line":53},"7":{"name":"(anonymous_7)","decl":{"start":{"line":60,"column":21},"end":{"line":60,"column":22}},"loc":{"start":{"line":60,"column":33},"end":{"line":71,"column":3}},"line":60},"8":{"name":"(anonymous_8)","decl":{"start":{"line":61,"column":13},"end":{"line":61,"column":14}},"loc":{"start":{"line":62,"column":6},"end":{"line":69,"column":7}},"line":62},"9":{"name":"(anonymous_9)","decl":{"start":{"line":62,"column":20},"end":{"line":62,"column":21}},"loc":{"start":{"line":63,"column":8},"end":{"line":68,"column":16}},"line":63},"10":{"name":"(anonymous_10)","decl":{"start":{"line":73,"column":25},"end":{"line":73,"column":26}},"loc":{"start":{"line":73,"column":49},"end":{"line":84,"column":3}},"line":73},"11":{"name":"(anonymous_11)","decl":{"start":{"line":74,"column":13},"end":{"line":74,"column":14}},"loc":{"start":{"line":75,"column":6},"end":{"line":82,"column":7}},"line":75},"12":{"name":"(anonymous_12)","decl":{"start":{"line":75,"column":20},"end":{"line":75,"column":21}},"loc":{"start":{"line":76,"column":8},"end":{"line":81,"column":16}},"line":76},"13":{"name":"(anonymous_13)","decl":{"start":{"line":88,"column":17},"end":{"line":88,"column":18}},"loc":{"start":{"line":88,"column":27},"end":{"line":121,"column":7}},"line":88},"14":{"name":"(anonymous_14)","decl":{"start":{"line":95,"column":42},"end":{"line":95,"column":43}},"loc":{"start":{"line":95,"column":48},"end":{"line":95,"column":67}},"line":95},"15":{"name":"(anonymous_15)","decl":{"start":{"line":101,"column":33},"end":{"line":101,"column":34}},"loc":{"start":{"line":101,"column":46},"end":{"line":108,"column":15}},"line":101},"16":{"name":"(anonymous_16)","decl":{"start":{"line":112,"column":25},"end":{"line":112,"column":26}},"loc":{"start":{"line":112,"column":32},"end":{"line":117,"column":15}},"line":112}},"branchMap":{"0":{"loc":{"start":{"line":29,"column":16},"end":{"line":29,"column":35}},"type":"binary-expr","locations":[{"start":{"line":29,"column":16},"end":{"line":29,"column":29}},{"start":{"line":29,"column":33},"end":{"line":29,"column":35}}],"line":29},"1":{"loc":{"start":{"line":63,"column":8},"end":{"line":68,"column":16}},"type":"cond-expr","locations":[{"start":{"line":64,"column":12},"end":{"line":67,"column":13}},{"start":{"line":68,"column":12},"end":{"line":68,"column":16}}],"line":63},"2":{"loc":{"start":{"line":66,"column":21},"end":{"line":66,"column":64}},"type":"cond-expr","locations":[{"start":{"line":66,"column":33},"end":{"line":66,"column":47}},{"start":{"line":66,"column":50},"end":{"line":66,"column":64}}],"line":66},"3":{"loc":{"start":{"line":76,"column":8},"end":{"line":81,"column":16}},"type":"cond-expr","locations":[{"start":{"line":77,"column":12},"end":{"line":80,"column":13}},{"start":{"line":81,"column":12},"end":{"line":81,"column":16}}],"line":76},"4":{"loc":{"start":{"line":91,"column":23},"end":{"line":91,"column":41}},"type":"binary-expr","locations":[{"start":{"line":91,"column":23},"end":{"line":91,"column":32}},{"start":{"line":91,"column":36},"end":{"line":91,"column":41}}],"line":91},"5":{"loc":{"start":{"line":104,"column":34},"end":{"line":104,"column":55}},"type":"binary-expr","locations":[{"start":{"line":104,"column":34},"end":{"line":104,"column":46}},{"start":{"line":104,"column":50},"end":{"line":104,"column":55}}],"line":104},"6":{"loc":{"start":{"line":113,"column":16},"end":{"line":116,"column":17}},"type":"if","locations":[{"start":{"line":113,"column":16},"end":{"line":116,"column":17}},{"start":{},"end":{}}],"line":113}},"s":{"0":0,"1":0,"2":0,"3":0,"4":0,"5":0,"6":0,"7":0,"8":0,"9":0,"10":0,"11":0,"12":0,"13":0,"14":0,"15":0,"16":0,"17":0,"18":0,"19":0,"20":0,"21":0,"22":0,"23":0,"24":0,"25":0,"26":0,"27":0,"28":0,"29":0,"30":0,"31":0,"32":0,"33":0,"34":0,"35":0,"36":0,"37":0,"38":0},"f":{"0":0,"1":0,"2":0,"3":0,"4":0,"5":0,"6":0,"7":0,"8":0,"9":0,"10":0,"11":0,"12":0,"13":0,"14":0,"15":0,"16":0},"b":{"0":[0,0],"1":[0,0],"2":[0,0],"3":[0,0],"4":[0,0],"5":[0,0],"6":[0,0]}}
,"C:\\Users\\Coronel\\Documents\\Programing\\Blog-App\\blog-app\\src\\components\\PostModal\\index.jsx": {"path":"C:\\Users\\Coronel\\Documents\\Programing\\Blog-App\\blog-app\\src\\components\\PostModal\\index.jsx","statementMap":{"0":{"start":{"line":18,"column":26},"end":{"line":18,"column":38}},"1":{"start":{"line":19,"column":28},"end":{"line":19,"column":42}},"2":{"start":{"line":21,"column":21},"end":{"line":59,"column":3}},"3":{"start":{"line":22,"column":4},"end":{"line":22,"column":21}},"4":{"start":{"line":24,"column":21},"end":{"line":24,"column":35}},"5":{"start":{"line":25,"column":4},"end":{"line":25,"column":35}},"6":{"start":{"line":26,"column":4},"end":{"line":26,"column":49}},"7":{"start":{"line":27,"column":4},"end":{"line":27,"column":50}},"8":{"start":{"line":29,"column":4},"end":{"line":58,"column":9}},"9":{"start":{"line":33,"column":21},"end":{"line":33,"column":31}},"10":{"start":{"line":35,"column":20},"end":{"line":35,"column":61}},"11":{"start":{"line":37,"column":21},"end":{"line":40,"column":9}},"12":{"start":{"line":42,"column":23},"end":{"line":49,"column":9}},"13":{"start":{"line":51,"column":8},"end":{"line":57,"column":46}},"14":{"start":{"line":52,"column":25},"end":{"line":52,"column":35}},"15":{"start":{"line":54,"column":12},"end":{"line":54,"column":29}},"16":{"start":{"line":55,"column":12},"end":{"line":55,"column":30}},"17":{"start":{"line":57,"column":26},"end":{"line":57,"column":44}},"18":{"start":{"line":61,"column":2},"end":{"line":88,"column":4}},"19":{"start":{"line":66,"column":37},"end":{"line":66,"column":54}},"20":{"start":{"line":71,"column":12},"end":{"line":71,"column":36}},"21":{"start":{"line":75,"column":12},"end":{"line":75,"column":50}},"22":{"start":{"line":82,"column":29},"end":{"line":82,"column":56}}},"fnMap":{"0":{"name":"PostModal","decl":{"start":{"line":17,"column":24},"end":{"line":17,"column":33}},"loc":{"start":{"line":17,"column":63},"end":{"line":89,"column":1}},"line":17},"1":{"name":"(anonymous_1)","decl":{"start":{"line":21,"column":21},"end":{"line":21,"column":22}},"loc":{"start":{"line":21,"column":28},"end":{"line":59,"column":3}},"line":21},"2":{"name":"(anonymous_2)","decl":{"start":{"line":33,"column":12},"end":{"line":33,"column":13}},"loc":{"start":{"line":33,"column":21},"end":{"line":33,"column":31}},"line":33},"3":{"name":"(anonymous_3)","decl":{"start":{"line":34,"column":12},"end":{"line":34,"column":13}},"loc":{"start":{"line":34,"column":21},"end":{"line":58,"column":7}},"line":34},"4":{"name":"(anonymous_4)","decl":{"start":{"line":52,"column":16},"end":{"line":52,"column":17}},"loc":{"start":{"line":52,"column":25},"end":{"line":52,"column":35}},"line":52},"5":{"name":"(anonymous_5)","decl":{"start":{"line":53,"column":16},"end":{"line":53,"column":17}},"loc":{"start":{"line":53,"column":25},"end":{"line":56,"column":11}},"line":53},"6":{"name":"(anonymous_6)","decl":{"start":{"line":57,"column":17},"end":{"line":57,"column":18}},"loc":{"start":{"line":57,"column":26},"end":{"line":57,"column":44}},"line":57},"7":{"name":"(anonymous_7)","decl":{"start":{"line":66,"column":31},"end":{"line":66,"column":32}},"loc":{"start":{"line":66,"column":37},"end":{"line":66,"column":54}},"line":66},"8":{"name":"(anonymous_8)","decl":{"start":{"line":70,"column":20},"end":{"line":70,"column":21}},"loc":{"start":{"line":70,"column":27},"end":{"line":72,"column":11}},"line":70},"9":{"name":"(anonymous_9)","decl":{"start":{"line":74,"column":19},"end":{"line":74,"column":20}},"loc":{"start":{"line":74,"column":26},"end":{"line":76,"column":11}},"line":74},"10":{"name":"(anonymous_10)","decl":{"start":{"line":82,"column":22},"end":{"line":82,"column":23}},"loc":{"start":{"line":82,"column":29},"end":{"line":82,"column":56}},"line":82}},"branchMap":{"0":{"loc":{"start":{"line":75,"column":12},"end":{"line":75,"column":49}},"type":"binary-expr","locations":[{"start":{"line":75,"column":12},"end":{"line":75,"column":28}},{"start":{"line":75,"column":32},"end":{"line":75,"column":49}}],"line":75}},"s":{"0":0,"1":0,"2":0,"3":0,"4":0,"5":0,"6":0,"7":0,"8":0,"9":0,"10":0,"11":0,"12":0,"13":0,"14":0,"15":0,"16":0,"17":0,"18":0,"19":0,"20":0,"21":0,"22":0},"f":{"0":0,"1":0,"2":0,"3":0,"4":0,"5":0,"6":0,"7":0,"8":0,"9":0,"10":0},"b":{"0":[0,0]}}
,"C:\\Users\\Coronel\\Documents\\Programing\\Blog-App\\blog-app\\src\\components\\Profile\\index.jsx": {"path":"C:\\Users\\Coronel\\Documents\\Programing\\Blog-App\\blog-app\\src\\components\\Profile\\index.jsx","statementMap":{"0":{"start":{"line":20,"column":17},"end":{"line":20,"column":28}},"1":{"start":{"line":22,"column":26},"end":{"line":22,"column":38}},"2":{"start":{"line":23,"column":28},"end":{"line":23,"column":40}},"3":{"start":{"line":25,"column":2},"end":{"line":35,"column":15}},"4":{"start":{"line":26,"column":4},"end":{"line":29,"column":42}},"5":{"start":{"line":27,"column":21},"end":{"line":27,"column":31}},"6":{"start":{"line":28,"column":21},"end":{"line":28,"column":33}},"7":{"start":{"line":29,"column":22},"end":{"line":29,"column":40}},"8":{"start":{"line":31,"column":4},"end":{"line":34,"column":42}},"9":{"start":{"line":32,"column":21},"end":{"line":32,"column":31}},"10":{"start":{"line":33,"column":21},"end":{"line":33,"column":40}},"11":{"start":{"line":34,"column":22},"end":{"line":34,"column":40}},"12":{"start":{"line":37,"column":2},"end":{"line":58,"column":4}}},"fnMap":{"0":{"name":"Profile","decl":{"start":{"line":19,"column":24},"end":{"line":19,"column":31}},"loc":{"start":{"line":19,"column":34},"end":{"line":59,"column":1}},"line":19},"1":{"name":"(anonymous_1)","decl":{"start":{"line":25,"column":12},"end":{"line":25,"column":13}},"loc":{"start":{"line":25,"column":18},"end":{"line":35,"column":3}},"line":25},"2":{"name":"(anonymous_2)","decl":{"start":{"line":27,"column":12},"end":{"line":27,"column":13}},"loc":{"start":{"line":27,"column":21},"end":{"line":27,"column":31}},"line":27},"3":{"name":"(anonymous_3)","decl":{"start":{"line":28,"column":12},"end":{"line":28,"column":13}},"loc":{"start":{"line":28,"column":21},"end":{"line":28,"column":33}},"line":28},"4":{"name":"(anonymous_4)","decl":{"start":{"line":29,"column":13},"end":{"line":29,"column":14}},"loc":{"start":{"line":29,"column":22},"end":{"line":29,"column":40}},"line":29},"5":{"name":"(anonymous_5)","decl":{"start":{"line":32,"column":12},"end":{"line":32,"column":13}},"loc":{"start":{"line":32,"column":21},"end":{"line":32,"column":31}},"line":32},"6":{"name":"(anonymous_6)","decl":{"start":{"line":33,"column":12},"end":{"line":33,"column":13}},"loc":{"start":{"line":33,"column":21},"end":{"line":33,"column":40}},"line":33},"7":{"name":"(anonymous_7)","decl":{"start":{"line":34,"column":13},"end":{"line":34,"column":14}},"loc":{"start":{"line":34,"column":22},"end":{"line":34,"column":40}},"line":34}},"branchMap":{"0":{"loc":{"start":{"line":42,"column":24},"end":{"line":42,"column":65}},"type":"cond-expr","locations":[{"start":{"line":42,"column":35},"end":{"line":42,"column":43}},{"start":{"line":42,"column":46},"end":{"line":42,"column":65}}],"line":42}},"s":{"0":0,"1":0,"2":0,"3":0,"4":0,"5":0,"6":0,"7":0,"8":0,"9":0,"10":0,"11":0,"12":0},"f":{"0":0,"1":0,"2":0,"3":0,"4":0,"5":0,"6":0,"7":0},"b":{"0":[0,0]}}
,"C:\\Users\\Coronel\\Documents\\Programing\\Blog-App\\blog-app\\src\\components\\SearchProfiles\\index.jsx": {"path":"C:\\Users\\Coronel\\Documents\\Programing\\Blog-App\\blog-app\\src\\components\\SearchProfiles\\index.jsx","statementMap":{"0":{"start":{"line":15,"column":34},"end":{"line":15,"column":46}},"1":{"start":{"line":16,"column":15},"end":{"line":16,"column":26}},"2":{"start":{"line":17,"column":19},"end":{"line":17,"column":32}},"3":{"start":{"line":19,"column":2},"end":{"line":30,"column":5}},"4":{"start":{"line":20,"column":19},"end":{"line":25,"column":5}},"5":{"start":{"line":26,"column":4},"end":{"line":29,"column":42}},"6":{"start":{"line":27,"column":21},"end":{"line":27,"column":31}},"7":{"start":{"line":28,"column":21},"end":{"line":28,"column":46}},"8":{"start":{"line":29,"column":22},"end":{"line":29,"column":40}},"9":{"start":{"line":32,"column":21},"end":{"line":34,"column":3}},"10":{"start":{"line":33,"column":4},"end":{"line":33,"column":31}},"11":{"start":{"line":36,"column":23},"end":{"line":57,"column":3}},"12":{"start":{"line":37,"column":4},"end":{"line":37,"column":24}},"13":{"start":{"line":38,"column":16},"end":{"line":38,"column":57}},"14":{"start":{"line":40,"column":17},"end":{"line":42,"column":5}},"15":{"start":{"line":44,"column":19},"end":{"line":51,"column":5}},"16":{"start":{"line":53,"column":4},"end":{"line":56,"column":42}},"17":{"start":{"line":54,"column":21},"end":{"line":54,"column":31}},"18":{"start":{"line":55,"column":21},"end":{"line":55,"column":37}},"19":{"start":{"line":56,"column":22},"end":{"line":56,"column":40}},"20":{"start":{"line":59,"column":2},"end":{"line":81,"column":4}},"21":{"start":{"line":64,"column":10},"end":{"line":77,"column":12}},"22":{"start":{"line":67,"column":29},"end":{"line":67,"column":63}},"23":{"start":{"line":73,"column":44},"end":{"line":73,"column":71}}},"fnMap":{"0":{"name":"SearchProfiles","decl":{"start":{"line":14,"column":24},"end":{"line":14,"column":38}},"loc":{"start":{"line":14,"column":41},"end":{"line":82,"column":1}},"line":14},"1":{"name":"(anonymous_1)","decl":{"start":{"line":19,"column":12},"end":{"line":19,"column":13}},"loc":{"start":{"line":19,"column":18},"end":{"line":30,"column":3}},"line":19},"2":{"name":"(anonymous_2)","decl":{"start":{"line":27,"column":12},"end":{"line":27,"column":13}},"loc":{"start":{"line":27,"column":21},"end":{"line":27,"column":31}},"line":27},"3":{"name":"(anonymous_3)","decl":{"start":{"line":28,"column":12},"end":{"line":28,"column":13}},"loc":{"start":{"line":28,"column":21},"end":{"line":28,"column":46}},"line":28},"4":{"name":"(anonymous_4)","decl":{"start":{"line":29,"column":13},"end":{"line":29,"column":14}},"loc":{"start":{"line":29,"column":22},"end":{"line":29,"column":40}},"line":29},"5":{"name":"(anonymous_5)","decl":{"start":{"line":32,"column":21},"end":{"line":32,"column":22}},"loc":{"start":{"line":32,"column":31},"end":{"line":34,"column":3}},"line":32},"6":{"name":"(anonymous_6)","decl":{"start":{"line":36,"column":23},"end":{"line":36,"column":24}},"loc":{"start":{"line":36,"column":44},"end":{"line":57,"column":3}},"line":36},"7":{"name":"(anonymous_7)","decl":{"start":{"line":54,"column":12},"end":{"line":54,"column":13}},"loc":{"start":{"line":54,"column":21},"end":{"line":54,"column":31}},"line":54},"8":{"name":"(anonymous_8)","decl":{"start":{"line":55,"column":12},"end":{"line":55,"column":13}},"loc":{"start":{"line":55,"column":21},"end":{"line":55,"column":37}},"line":55},"9":{"name":"(anonymous_9)","decl":{"start":{"line":56,"column":13},"end":{"line":56,"column":14}},"loc":{"start":{"line":56,"column":22},"end":{"line":56,"column":40}},"line":56},"10":{"name":"(anonymous_10)","decl":{"start":{"line":63,"column":22},"end":{"line":63,"column":23}},"loc":{"start":{"line":63,"column":35},"end":{"line":78,"column":9}},"line":63},"11":{"name":"(anonymous_11)","decl":{"start":{"line":67,"column":23},"end":{"line":67,"column":24}},"loc":{"start":{"line":67,"column":29},"end":{"line":67,"column":63}},"line":67},"12":{"name":"(anonymous_12)","decl":{"start":{"line":73,"column":37},"end":{"line":73,"column":38}},"loc":{"start":{"line":73,"column":44},"end":{"line":73,"column":71}},"line":73}},"branchMap":{"0":{"loc":{"start":{"line":70,"column":21},"end":{"line":70,"column":68}},"type":"cond-expr","locations":[{"start":{"line":70,"column":35},"end":{"line":70,"column":46}},{"start":{"line":70,"column":49},"end":{"line":70,"column":68}}],"line":70}},"s":{"0":0,"1":0,"2":0,"3":0,"4":0,"5":0,"6":0,"7":0,"8":0,"9":0,"10":0,"11":0,"12":0,"13":0,"14":0,"15":0,"16":0,"17":0,"18":0,"19":0,"20":0,"21":0,"22":0,"23":0},"f":{"0":0,"1":0,"2":0,"3":0,"4":0,"5":0,"6":0,"7":0,"8":0,"9":0,"10":0,"11":0,"12":0},"b":{"0":[0,0]}}
,"C:\\Users\\Coronel\\Documents\\Programing\\Blog-App\\blog-app\\src\\components\\Settings\\index.jsx": {"path":"C:\\Users\\Coronel\\Documents\\Programing\\Blog-App\\blog-app\\src\\components\\Settings\\index.jsx","statementMap":{"0":{"start":{"line":15,"column":34},"end":{"line":15,"column":44}},"1":{"start":{"line":16,"column":34},"end":{"line":16,"column":44}},"2":{"start":{"line":17,"column":40},"end":{"line":17,"column":50}},"3":{"start":{"line":18,"column":46},"end":{"line":18,"column":56}},"4":{"start":{"line":19,"column":28},"end":{"line":19,"column":38}},"5":{"start":{"line":21,"column":25},"end":{"line":40,"column":3}},"6":{"start":{"line":22,"column":16},"end":{"line":22,"column":57}},"7":{"start":{"line":23,"column":17},"end":{"line":25,"column":5}},"8":{"start":{"line":27,"column":19},"end":{"line":34,"column":5}},"9":{"start":{"line":36,"column":4},"end":{"line":39,"column":42}},"10":{"start":{"line":37,"column":21},"end":{"line":37,"column":31}},"11":{"start":{"line":38,"column":21},"end":{"line":38,"column":37}},"12":{"start":{"line":39,"column":22},"end":{"line":39,"column":40}},"13":{"start":{"line":42,"column":25},"end":{"line":63,"column":3}},"14":{"start":{"line":43,"column":16},"end":{"line":43,"column":57}},"15":{"start":{"line":45,"column":17},"end":{"line":48,"column":5}},"16":{"start":{"line":50,"column":19},"end":{"line":57,"column":5}},"17":{"start":{"line":59,"column":4},"end":{"line":62,"column":42}},"18":{"start":{"line":60,"column":21},"end":{"line":60,"column":31}},"19":{"start":{"line":61,"column":21},"end":{"line":61,"column":37}},"20":{"start":{"line":62,"column":22},"end":{"line":62,"column":40}},"21":{"start":{"line":65,"column":22},"end":{"line":100,"column":3}},"22":{"start":{"line":66,"column":4},"end":{"line":66,"column":23}},"23":{"start":{"line":68,"column":21},"end":{"line":68,"column":35}},"24":{"start":{"line":69,"column":4},"end":{"line":69,"column":35}},"25":{"start":{"line":70,"column":4},"end":{"line":70,"column":49}},"26":{"start":{"line":71,"column":4},"end":{"line":71,"column":50}},"27":{"start":{"line":73,"column":4},"end":{"line":99,"column":42}},"28":{"start":{"line":77,"column":21},"end":{"line":77,"column":31}},"29":{"start":{"line":79,"column":21},"end":{"line":81,"column":9}},"30":{"start":{"line":83,"column":20},"end":{"line":83,"column":61}},"31":{"start":{"line":85,"column":23},"end":{"line":92,"column":9}},"32":{"start":{"line":94,"column":8},"end":{"line":97,"column":46}},"33":{"start":{"line":95,"column":25},"end":{"line":95,"column":35}},"34":{"start":{"line":96,"column":25},"end":{"line":96,"column":41}},"35":{"start":{"line":97,"column":26},"end":{"line":97,"column":44}},"36":{"start":{"line":99,"column":22},"end":{"line":99,"column":40}},"37":{"start":{"line":102,"column":2},"end":{"line":142,"column":4}},"38":{"start":{"line":112,"column":29},"end":{"line":112,"column":56}},"39":{"start":{"line":121,"column":29},"end":{"line":121,"column":56}},"40":{"start":{"line":126,"column":29},"end":{"line":126,"column":59}},"41":{"start":{"line":131,"column":29},"end":{"line":131,"column":62}},"42":{"start":{"line":137,"column":46},"end":{"line":137,"column":73}}},"fnMap":{"0":{"name":"Settings","decl":{"start":{"line":14,"column":24},"end":{"line":14,"column":32}},"loc":{"start":{"line":14,"column":35},"end":{"line":143,"column":1}},"line":14},"1":{"name":"(anonymous_1)","decl":{"start":{"line":21,"column":25},"end":{"line":21,"column":26}},"loc":{"start":{"line":21,"column":31},"end":{"line":40,"column":3}},"line":21},"2":{"name":"(anonymous_2)","decl":{"start":{"line":37,"column":12},"end":{"line":37,"column":13}},"loc":{"start":{"line":37,"column":21},"end":{"line":37,"column":31}},"line":37},"3":{"name":"(anonymous_3)","decl":{"start":{"line":38,"column":12},"end":{"line":38,"column":13}},"loc":{"start":{"line":38,"column":21},"end":{"line":38,"column":37}},"line":38},"4":{"name":"(anonymous_4)","decl":{"start":{"line":39,"column":13},"end":{"line":39,"column":14}},"loc":{"start":{"line":39,"column":22},"end":{"line":39,"column":40}},"line":39},"5":{"name":"(anonymous_5)","decl":{"start":{"line":42,"column":25},"end":{"line":42,"column":26}},"loc":{"start":{"line":42,"column":31},"end":{"line":63,"column":3}},"line":42},"6":{"name":"(anonymous_6)","decl":{"start":{"line":60,"column":12},"end":{"line":60,"column":13}},"loc":{"start":{"line":60,"column":21},"end":{"line":60,"column":31}},"line":60},"7":{"name":"(anonymous_7)","decl":{"start":{"line":61,"column":12},"end":{"line":61,"column":13}},"loc":{"start":{"line":61,"column":21},"end":{"line":61,"column":37}},"line":61},"8":{"name":"(anonymous_8)","decl":{"start":{"line":62,"column":13},"end":{"line":62,"column":14}},"loc":{"start":{"line":62,"column":22},"end":{"line":62,"column":40}},"line":62},"9":{"name":"(anonymous_9)","decl":{"start":{"line":65,"column":22},"end":{"line":65,"column":23}},"loc":{"start":{"line":65,"column":29},"end":{"line":100,"column":3}},"line":65},"10":{"name":"(anonymous_10)","decl":{"start":{"line":77,"column":12},"end":{"line":77,"column":13}},"loc":{"start":{"line":77,"column":21},"end":{"line":77,"column":31}},"line":77},"11":{"name":"(anonymous_11)","decl":{"start":{"line":78,"column":12},"end":{"line":78,"column":13}},"loc":{"start":{"line":78,"column":21},"end":{"line":98,"column":7}},"line":78},"12":{"name":"(anonymous_12)","decl":{"start":{"line":95,"column":16},"end":{"line":95,"column":17}},"loc":{"start":{"line":95,"column":25},"end":{"line":95,"column":35}},"line":95},"13":{"name":"(anonymous_13)","decl":{"start":{"line":96,"column":16},"end":{"line":96,"column":17}},"loc":{"start":{"line":96,"column":25},"end":{"line":96,"column":41}},"line":96},"14":{"name":"(anonymous_14)","decl":{"start":{"line":97,"column":17},"end":{"line":97,"column":18}},"loc":{"start":{"line":97,"column":26},"end":{"line":97,"column":44}},"line":97},"15":{"name":"(anonymous_15)","decl":{"start":{"line":99,"column":13},"end":{"line":99,"column":14}},"loc":{"start":{"line":99,"column":22},"end":{"line":99,"column":40}},"line":99},"16":{"name":"(anonymous_16)","decl":{"start":{"line":112,"column":22},"end":{"line":112,"column":23}},"loc":{"start":{"line":112,"column":29},"end":{"line":112,"column":56}},"line":112},"17":{"name":"(anonymous_17)","decl":{"start":{"line":121,"column":22},"end":{"line":121,"column":23}},"loc":{"start":{"line":121,"column":29},"end":{"line":121,"column":56}},"line":121},"18":{"name":"(anonymous_18)","decl":{"start":{"line":126,"column":22},"end":{"line":126,"column":23}},"loc":{"start":{"line":126,"column":29},"end":{"line":126,"column":59}},"line":126},"19":{"name":"(anonymous_19)","decl":{"start":{"line":131,"column":22},"end":{"line":131,"column":23}},"loc":{"start":{"line":131,"column":29},"end":{"line":131,"column":62}},"line":131},"20":{"name":"(anonymous_20)","decl":{"start":{"line":137,"column":39},"end":{"line":137,"column":40}},"loc":{"start":{"line":137,"column":46},"end":{"line":137,"column":73}},"line":137}},"branchMap":{},"s":{"0":0,"1":0,"2":0,"3":0,"4":0,"5":0,"6":0,"7":0,"8":0,"9":0,"10":0,"11":0,"12":0,"13":0,"14":0,"15":0,"16":0,"17":0,"18":0,"19":0,"20":0,"21":0,"22":0,"23":0,"24":0,"25":0,"26":0,"27":0,"28":0,"29":0,"30":0,"31":0,"32":0,"33":0,"34":0,"35":0,"36":0,"37":0,"38":0,"39":0,"40":0,"41":0,"42":0},"f":{"0":0,"1":0,"2":0,"3":0,"4":0,"5":0,"6":0,"7":0,"8":0,"9":0,"10":0,"11":0,"12":0,"13":0,"14":0,"15":0,"16":0,"17":0,"18":0,"19":0,"20":0},"b":{}}
,"C:\\Users\\Coronel\\Documents\\Programing\\Blog-App\\blog-app\\src\\components\\SignUp\\index.jsx": {"path":"C:\\Users\\Coronel\\Documents\\Programing\\Blog-App\\blog-app\\src\\components\\SignUp\\index.jsx","statementMap":{"0":{"start":{"line":15,"column":19},"end":{"line":15,"column":32}},"1":{"start":{"line":16,"column":34},"end":{"line":16,"column":46}},"2":{"start":{"line":17,"column":28},"end":{"line":17,"column":40}},"3":{"start":{"line":18,"column":34},"end":{"line":18,"column":46}},"4":{"start":{"line":19,"column":36},"end":{"line":19,"column":48}},"5":{"start":{"line":21,"column":23},"end":{"line":43,"column":3}},"6":{"start":{"line":22,"column":4},"end":{"line":22,"column":23}},"7":{"start":{"line":24,"column":17},"end":{"line":28,"column":5}},"8":{"start":{"line":30,"column":19},"end":{"line":36,"column":5}},"9":{"start":{"line":38,"column":4},"end":{"line":42,"column":42}},"10":{"start":{"line":40,"column":8},"end":{"line":40,"column":55}},"11":{"start":{"line":40,"column":31},"end":{"line":40,"column":55}},"12":{"start":{"line":42,"column":22},"end":{"line":42,"column":40}},"13":{"start":{"line":45,"column":2},"end":{"line":77,"column":4}},"14":{"start":{"line":53,"column":29},"end":{"line":53,"column":56}},"15":{"start":{"line":58,"column":29},"end":{"line":58,"column":53}},"16":{"start":{"line":63,"column":29},"end":{"line":63,"column":56}},"17":{"start":{"line":68,"column":29},"end":{"line":68,"column":57}},"18":{"start":{"line":72,"column":31},"end":{"line":72,"column":44}}},"fnMap":{"0":{"name":"SignUp","decl":{"start":{"line":14,"column":24},"end":{"line":14,"column":30}},"loc":{"start":{"line":14,"column":33},"end":{"line":78,"column":1}},"line":14},"1":{"name":"(anonymous_1)","decl":{"start":{"line":21,"column":23},"end":{"line":21,"column":24}},"loc":{"start":{"line":21,"column":30},"end":{"line":43,"column":3}},"line":21},"2":{"name":"(anonymous_2)","decl":{"start":{"line":39,"column":12},"end":{"line":39,"column":13}},"loc":{"start":{"line":39,"column":21},"end":{"line":41,"column":7}},"line":39},"3":{"name":"(anonymous_3)","decl":{"start":{"line":42,"column":13},"end":{"line":42,"column":14}},"loc":{"start":{"line":42,"column":22},"end":{"line":42,"column":40}},"line":42},"4":{"name":"(anonymous_4)","decl":{"start":{"line":53,"column":22},"end":{"line":53,"column":23}},"loc":{"start":{"line":53,"column":29},"end":{"line":53,"column":56}},"line":53},"5":{"name":"(anonymous_5)","decl":{"start":{"line":58,"column":22},"end":{"line":58,"column":23}},"loc":{"start":{"line":58,"column":29},"end":{"line":58,"column":53}},"line":58},"6":{"name":"(anonymous_6)","decl":{"start":{"line":63,"column":22},"end":{"line":63,"column":23}},"loc":{"start":{"line":63,"column":29},"end":{"line":63,"column":56}},"line":63},"7":{"name":"(anonymous_7)","decl":{"start":{"line":68,"column":22},"end":{"line":68,"column":23}},"loc":{"start":{"line":68,"column":29},"end":{"line":68,"column":57}},"line":68},"8":{"name":"(anonymous_8)","decl":{"start":{"line":72,"column":25},"end":{"line":72,"column":26}},"loc":{"start":{"line":72,"column":31},"end":{"line":72,"column":44}},"line":72}},"branchMap":{"0":{"loc":{"start":{"line":27,"column":16},"end":{"line":27,"column":49}},"type":"binary-expr","locations":[{"start":{"line":27,"column":16},"end":{"line":27,"column":37}},{"start":{"line":27,"column":41},"end":{"line":27,"column":49}}],"line":27},"1":{"loc":{"start":{"line":40,"column":8},"end":{"line":40,"column":55}},"type":"if","locations":[{"start":{"line":40,"column":8},"end":{"line":40,"column":55}},{"start":{},"end":{}}],"line":40}},"s":{"0":19,"1":19,"2":19,"3":19,"4":19,"5":19,"6":2,"7":2,"8":2,"9":2,"10":1,"11":1,"12":1,"13":19,"14":3,"15":3,"16":3,"17":3,"18":1},"f":{"0":19,"1":2,"2":1,"3":1,"4":3,"5":3,"6":3,"7":3,"8":1},"b":{"0":[2,2],"1":[1,0]},"_coverageSchema":"1a1c01bbd47fc00a2c39e90264f33305004495a9","hash":"fe5f714daaa8616a5c40f4db62ff133cf4d59f58"}
,"C:\\Users\\Coronel\\Documents\\Programing\\Blog-App\\blog-app\\src\\components\\UserRegistered\\index.jsx": {"path":"C:\\Users\\Coronel\\Documents\\Programing\\Blog-App\\blog-app\\src\\components\\UserRegistered\\index.jsx","statementMap":{"0":{"start":{"line":12,"column":19},"end":{"line":12,"column":32}},"1":{"start":{"line":14,"column":2},"end":{"line":23,"column":4}},"2":{"start":{"line":18,"column":31},"end":{"line":18,"column":44}}},"fnMap":{"0":{"name":"UserRegistered","decl":{"start":{"line":11,"column":24},"end":{"line":11,"column":38}},"loc":{"start":{"line":11,"column":41},"end":{"line":24,"column":1}},"line":11},"1":{"name":"(anonymous_1)","decl":{"start":{"line":18,"column":25},"end":{"line":18,"column":26}},"loc":{"start":{"line":18,"column":31},"end":{"line":18,"column":44}},"line":18}},"branchMap":{},"s":{"0":3,"1":3,"2":1},"f":{"0":3,"1":1},"b":{},"_coverageSchema":"1a1c01bbd47fc00a2c39e90264f33305004495a9","hash":"c0c0331687a3a5356bfef78e57c13d0f36ee5737"}
,"C:\\Users\\Coronel\\Documents\\Programing\\Blog-App\\blog-app\\src\\styles\\Comments\\index.jsx": {"path":"C:\\Users\\Coronel\\Documents\\Programing\\Blog-App\\blog-app\\src\\styles\\Comments\\index.jsx","statementMap":{"0":{"start":{"line":3,"column":24},"end":{"line":7,"column":1}},"1":{"start":{"line":9,"column":32},"end":{"line":17,"column":1}},"2":{"start":{"line":19,"column":27},"end":{"line":19,"column":39}},"3":{"start":{"line":21,"column":27},"end":{"line":23,"column":1}},"4":{"start":{"line":25,"column":28},"end":{"line":30,"column":1}}},"fnMap":{},"branchMap":{},"s":{"0":0,"1":0,"2":0,"3":0,"4":0},"f":{},"b":{}}
,"C:\\Users\\Coronel\\Documents\\Programing\\Blog-App\\blog-app\\src\\styles\\Header\\index.jsx": {"path":"C:\\Users\\Coronel\\Documents\\Programing\\Blog-App\\blog-app\\src\\styles\\Header\\index.jsx","statementMap":{"0":{"start":{"line":3,"column":29},"end":{"line":11,"column":1}},"1":{"start":{"line":13,"column":31},"end":{"line":19,"column":1}},"2":{"start":{"line":21,"column":21},"end":{"line":24,"column":1}},"3":{"start":{"line":26,"column":21},"end":{"line":33,"column":1}},"4":{"start":{"line":35,"column":26},"end":{"line":40,"column":1}}},"fnMap":{},"branchMap":{},"s":{"0":1,"1":1,"2":1,"3":1,"4":1},"f":{},"b":{},"_coverageSchema":"1a1c01bbd47fc00a2c39e90264f33305004495a9","hash":"17e6a1005973e8aae0cd8154f02a9763d7d2f2c1"}
,"C:\\Users\\Coronel\\Documents\\Programing\\Blog-App\\blog-app\\src\\styles\\LogIn\\index.jsx": {"path":"C:\\Users\\Coronel\\Documents\\Programing\\Blog-App\\blog-app\\src\\styles\\LogIn\\index.jsx","statementMap":{"0":{"start":{"line":3,"column":25},"end":{"line":6,"column":1}},"1":{"start":{"line":8,"column":26},"end":{"line":11,"column":1}},"2":{"start":{"line":13,"column":27},"end":{"line":19,"column":1}},"3":{"start":{"line":21,"column":20},"end":{"line":29,"column":1}},"4":{"start":{"line":31,"column":21},"end":{"line":38,"column":1}},"5":{"start":{"line":40,"column":22},"end":{"line":49,"column":1}},"6":{"start":{"line":51,"column":30},"end":{"line":61,"column":1}},"7":{"start":{"line":63,"column":28},"end":{"line":68,"column":1}}},"fnMap":{},"branchMap":{},"s":{"0":1,"1":1,"2":1,"3":1,"4":1,"5":1,"6":1,"7":1},"f":{},"b":{},"_coverageSchema":"1a1c01bbd47fc00a2c39e90264f33305004495a9","hash":"40b880d33ced94127159d65cfaa6af465908c034"}
,"C:\\Users\\Coronel\\Documents\\Programing\\Blog-App\\blog-app\\src\\styles\\Main\\index.jsx": {"path":"C:\\Users\\Coronel\\Documents\\Programing\\Blog-App\\blog-app\\src\\styles\\Main\\index.jsx","statementMap":{"0":{"start":{"line":3,"column":27},"end":{"line":10,"column":1}},"1":{"start":{"line":12,"column":30},"end":{"line":23,"column":1}},"2":{"start":{"line":25,"column":28},"end":{"line":32,"column":1}}},"fnMap":{},"branchMap":{},"s":{"0":0,"1":0,"2":0},"f":{},"b":{}}
,"C:\\Users\\Coronel\\Documents\\Programing\\Blog-App\\blog-app\\src\\styles\\Menu\\index.jsx": {"path":"C:\\Users\\Coronel\\Documents\\Programing\\Blog-App\\blog-app\\src\\styles\\Menu\\index.jsx","statementMap":{"0":{"start":{"line":3,"column":29},"end":{"line":17,"column":1}},"1":{"start":{"line":19,"column":26},"end":{"line":21,"column":1}}},"fnMap":{},"branchMap":{},"s":{"0":2,"1":2},"f":{},"b":{},"_coverageSchema":"1a1c01bbd47fc00a2c39e90264f33305004495a9","hash":"ea7e69fe4b7667c7b521a481fc8fb097980131eb"}
,"C:\\Users\\Coronel\\Documents\\Programing\\Blog-App\\blog-app\\src\\styles\\Post\\index.jsx": {"path":"C:\\Users\\Coronel\\Documents\\Programing\\Blog-App\\blog-app\\src\\styles\\Post\\index.jsx","statementMap":{"0":{"start":{"line":3,"column":20},"end":{"line":11,"column":1}},"1":{"start":{"line":13,"column":29},"end":{"line":22,"column":1}},"2":{"start":{"line":24,"column":24},"end":{"line":26,"column":1}},"3":{"start":{"line":28,"column":27},"end":{"line":32,"column":1}},"4":{"start":{"line":33,"column":23},"end":{"line":38,"column":1}},"5":{"start":{"line":40,"column":31},"end":{"line":49,"column":1}},"6":{"start":{"line":51,"column":33},"end":{"line":58,"column":1}}},"fnMap":{},"branchMap":{},"s":{"0":0,"1":0,"2":0,"3":0,"4":0,"5":0,"6":0},"f":{},"b":{}}
,"C:\\Users\\Coronel\\Documents\\Programing\\Blog-App\\blog-app\\src\\styles\\PostModal\\index.jsx": {"path":"C:\\Users\\Coronel\\Documents\\Programing\\Blog-App\\blog-app\\src\\styles\\PostModal\\index.jsx","statementMap":{"0":{"start":{"line":3,"column":21},"end":{"line":15,"column":1}},"1":{"start":{"line":17,"column":24},"end":{"line":26,"column":1}},"2":{"start":{"line":28,"column":27},"end":{"line":35,"column":1}},"3":{"start":{"line":37,"column":21},"end":{"line":41,"column":1}},"4":{"start":{"line":43,"column":26},"end":{"line":46,"column":1}},"5":{"start":{"line":48,"column":24},"end":{"line":56,"column":1}},"6":{"start":{"line":58,"column":22},"end":{"line":64,"column":1}},"7":{"start":{"line":66,"column":25},"end":{"line":72,"column":1}},"8":{"start":{"line":74,"column":26},"end":{"line":76,"column":1}},"9":{"start":{"line":78,"column":26},"end":{"line":82,"column":1}}},"fnMap":{},"branchMap":{},"s":{"0":0,"1":0,"2":0,"3":0,"4":0,"5":0,"6":0,"7":0,"8":0,"9":0},"f":{},"b":{}}
,"C:\\Users\\Coronel\\Documents\\Programing\\Blog-App\\blog-app\\src\\styles\\Profile\\index.jsx": {"path":"C:\\Users\\Coronel\\Documents\\Programing\\Blog-App\\blog-app\\src\\styles\\Profile\\index.jsx","statementMap":{"0":{"start":{"line":3,"column":27},"end":{"line":10,"column":1}},"1":{"start":{"line":12,"column":30},"end":{"line":17,"column":1}},"2":{"start":{"line":19,"column":24},"end":{"line":25,"column":1}},"3":{"start":{"line":27,"column":23},"end":{"line":31,"column":1}},"4":{"start":{"line":33,"column":24},"end":{"line":36,"column":1}},"5":{"start":{"line":38,"column":28},"end":{"line":47,"column":1}},"6":{"start":{"line":49,"column":27},"end":{"line":54,"column":1}},"7":{"start":{"line":56,"column":29},"end":{"line":64,"column":1}},"8":{"start":{"line":66,"column":26},"end":{"line":68,"column":1}},"9":{"start":{"line":70,"column":27},"end":{"line":72,"column":1}}},"fnMap":{},"branchMap":{},"s":{"0":0,"1":0,"2":0,"3":0,"4":0,"5":0,"6":0,"7":0,"8":0,"9":0},"f":{},"b":{}}
,"C:\\Users\\Coronel\\Documents\\Programing\\Blog-App\\blog-app\\src\\styles\\Search\\index.jsx": {"path":"C:\\Users\\Coronel\\Documents\\Programing\\Blog-App\\blog-app\\src\\styles\\Search\\index.jsx","statementMap":{"0":{"start":{"line":3,"column":26},"end":{"line":10,"column":1}},"1":{"start":{"line":12,"column":31},"end":{"line":18,"column":1}},"2":{"start":{"line":20,"column":23},"end":{"line":30,"column":1}},"3":{"start":{"line":32,"column":26},"end":{"line":34,"column":1}},"4":{"start":{"line":36,"column":24},"end":{"line":40,"column":1}},"5":{"start":{"line":42,"column":28},"end":{"line":50,"column":1}}},"fnMap":{},"branchMap":{},"s":{"0":0,"1":0,"2":0,"3":0,"4":0,"5":0},"f":{},"b":{}}
,"C:\\Users\\Coronel\\Documents\\Programing\\Blog-App\\blog-app\\src\\styles\\Settings\\index.jsx": {"path":"C:\\Users\\Coronel\\Documents\\Programing\\Blog-App\\blog-app\\src\\styles\\Settings\\index.jsx","statementMap":{"0":{"start":{"line":3,"column":28},"end":{"line":10,"column":1}},"1":{"start":{"line":12,"column":31},"end":{"line":19,"column":1}},"2":{"start":{"line":21,"column":25},"end":{"line":25,"column":1}},"3":{"start":{"line":27,"column":20},"end":{"line":32,"column":1}},"4":{"start":{"line":34,"column":21},"end":{"line":38,"column":1}},"5":{"start":{"line":40,"column":21},"end":{"line":47,"column":1}},"6":{"start":{"line":49,"column":22},"end":{"line":58,"column":1}}},"fnMap":{},"branchMap":{},"s":{"0":0,"1":0,"2":0,"3":0,"4":0,"5":0,"6":0},"f":{},"b":{}}
,"C:\\Users\\Coronel\\Documents\\Programing\\Blog-App\\blog-app\\src\\styles\\SignUp\\styles.jsx": {"path":"C:\\Users\\Coronel\\Documents\\Programing\\Blog-App\\blog-app\\src\\styles\\SignUp\\styles.jsx","statementMap":{"0":{"start":{"line":3,"column":26},"end":{"line":6,"column":1}},"1":{"start":{"line":8,"column":27},"end":{"line":11,"column":1}},"2":{"start":{"line":13,"column":27},"end":{"line":19,"column":1}},"3":{"start":{"line":21,"column":20},"end":{"line":30,"column":1}},"4":{"start":{"line":32,"column":21},"end":{"line":39,"column":1}},"5":{"start":{"line":41,"column":22},"end":{"line":50,"column":1}},"6":{"start":{"line":52,"column":28},"end":{"line":62,"column":1}}},"fnMap":{},"branchMap":{},"s":{"0":1,"1":1,"2":1,"3":1,"4":1,"5":1,"6":1},"f":{},"b":{},"_coverageSchema":"1a1c01bbd47fc00a2c39e90264f33305004495a9","hash":"060cb4405c19d9c12f96303ec5d4ceb1ef4133ae"}
,"C:\\Users\\Coronel\\Documents\\Programing\\Blog-App\\blog-app\\src\\styles\\UserRegistered\\index.jsx": {"path":"C:\\Users\\Coronel\\Documents\\Programing\\Blog-App\\blog-app\\src\\styles\\UserRegistered\\index.jsx","statementMap":{"0":{"start":{"line":3,"column":30},"end":{"line":6,"column":1}},"1":{"start":{"line":8,"column":27},"end":{"line":14,"column":1}},"2":{"start":{"line":16,"column":31},"end":{"line":20,"column":1}},"3":{"start":{"line":22,"column":22},"end":{"line":30,"column":1}},"4":{"start":{"line":32,"column":28},"end":{"line":42,"column":1}}},"fnMap":{},"branchMap":{},"s":{"0":1,"1":1,"2":1,"3":1,"4":1},"f":{},"b":{},"_coverageSchema":"1a1c01bbd47fc00a2c39e90264f33305004495a9","hash":"e5b64facf15b7122c57cf1b3e6632c9d295dcfe4"}
}
