TN:
SF:src\styles\Comments\index.jsx
FNF:0
FNH:0
DA:3,0
DA:9,0
DA:19,0
DA:21,0
DA:25,0
LF:5
LH:0
BRF:0
BRH:0
end_of_record
TN:
SF:src\styles\Header\index.jsx
FNF:0
FNH:0
DA:3,0
DA:13,0
DA:21,0
DA:26,0
DA:35,0
LF:5
LH:0
BRF:0
BRH:0
end_of_record
TN:
SF:src\styles\LogIn\index.jsx
FNF:0
FNH:0
DA:3,0
DA:8,0
DA:13,0
DA:21,0
DA:31,0
DA:40,0
DA:51,0
DA:63,0
LF:8
LH:0
BRF:0
BRH:0
end_of_record
TN:
SF:src\styles\Main\index.jsx
FNF:0
FNH:0
DA:3,0
DA:12,0
DA:25,0
LF:3
LH:0
BRF:0
BRH:0
end_of_record
TN:
SF:src\styles\Menu\index.jsx
FNF:0
FNH:0
DA:3,0
DA:19,0
LF:2
LH:0
BRF:0
BRH:0
end_of_record
TN:
SF:src\styles\Post\index.jsx
FNF:0
FNH:0
DA:3,0
DA:13,0
DA:24,0
DA:28,0
DA:33,0
DA:40,0
DA:51,0
LF:7
LH:0
BRF:0
BRH:0
end_of_record
TN:
SF:src\styles\PostModal\index.jsx
FNF:0
FNH:0
DA:3,0
DA:17,0
DA:28,0
DA:37,0
DA:43,0
DA:48,0
DA:58,0
DA:66,0
DA:74,0
DA:78,0
LF:10
LH:0
BRF:0
BRH:0
end_of_record
TN:
SF:src\styles\Profile\index.jsx
FNF:0
FNH:0
DA:3,0
DA:12,0
DA:19,0
DA:27,0
DA:33,0
DA:38,0
DA:49,0
DA:56,0
DA:66,0
DA:70,0
LF:10
LH:0
BRF:0
BRH:0
end_of_record
TN:
SF:src\styles\Search\index.jsx
FNF:0
FNH:0
DA:3,0
DA:12,0
DA:20,0
DA:32,0
DA:36,0
DA:42,0
LF:6
LH:0
BRF:0
BRH:0
end_of_record
TN:
SF:src\styles\Settings\index.jsx
FNF:0
FNH:0
DA:3,0
DA:12,0
DA:21,0
DA:27,0
DA:34,0
DA:40,0
DA:49,0
LF:7
LH:0
BRF:0
BRH:0
end_of_record
TN:
SF:src\styles\SignUp\styles.jsx
FNF:0
FNH:0
DA:3,0
DA:8,0
DA:13,0
DA:21,0
DA:32,0
DA:41,0
DA:52,0
LF:7
LH:0
BRF:0
BRH:0
end_of_record
TN:
SF:src\styles\UserRegistered\index.jsx
FNF:0
FNH:0
DA:3,0
DA:8,0
DA:16,0
DA:22,0
DA:32,0
LF:5
LH:0
BRF:0
BRH:0
end_of_record
